%!Adobe-FontList 1.20
%Locale:0x409

%BeginFont
Handler:DirectoryHandler
FontType:TrueType
FontName:Heebo-Bold
FamilyName:Heebo
StyleName:Bold
FullName:Heebo Bold
MenuName:Heebo
StyleBits:2
FamilyNameNative:Heebo
StyleNameNative:Bold
FullNameNative:Heebo Bold
WritingScript:Hebrew
OutlineFileName:C:\Users\Admin\Desktop\200713_AU Socially Distanced Field Guide\Facilitator Guide - social distance Arabic Final Folder\Document fonts\Heebo-Bold.ttf
DataFormat:sfntData
hasSVG:no
VariableFontType:NonVariableFont
FileLength:58944
FileModTime:1592953746
WeightClass:700
WidthClass:5
AngleClass:0
NameArray:0,Win,1,Heebo
%EndFont

%BeginFont
Handler:DirectoryHandler
FontType:TrueType
FontName:Heebo-Light
FamilyName:Heebo
StyleName:Light
FullName:Heebo-Light
MenuName:Heebo Light
StyleBits:0
FamilyNameNative:Heebo
StyleNameNative:Light
FullNameNative:Heebo Light
WritingScript:Hebrew
OutlineFileName:C:\Users\Admin\Desktop\200713_AU Socially Distanced Field Guide\Facilitator Guide - social distance Arabic Final Folder\Document fonts\Heebo-Light.ttf
DataFormat:sfntData
hasSVG:no
VariableFontType:NonVariableFont
FileLength:59084
FileModTime:1592953746
WeightClass:300
WidthClass:5
AngleClass:0
NameArray:0,Win,1,Heebo Light
NameArray:0,Win,16,Heebo
%EndFont

%BeginFont
Handler:DirectoryHandler
FontType:TrueType
FontName:Heebo-Regular
FamilyName:Heebo
StyleName:Regular
FullName:Heebo-Regular
MenuName:Heebo
StyleBits:0
FamilyNameNative:Heebo
StyleNameNative:Regular
FullNameNative:Heebo Regular
WritingScript:Hebrew
OutlineFileName:C:\Users\Admin\Desktop\200713_AU Socially Distanced Field Guide\Facilitator Guide - social distance Arabic Final Folder\Document fonts\Heebo-Regular.ttf
DataFormat:sfntData
hasSVG:no
VariableFontType:NonVariableFont
FileLength:59404
FileModTime:1592953746
WeightClass:400
WidthClass:5
AngleClass:0
NameArray:0,Win,1,Heebo
%EndFont

