%!Adobe-FontList 1.20
%Locale:0x409

%BeginFont
Handler:DirectoryHandler
FontType:TrueType
FontName:Quicksand-Bold
FamilyName:Quicksand
StyleName:Bold
FullName:Quicksand Bold
MenuName:Quicksand
StyleBits:2
WritingScript:Roman
OutlineFileName:C:\Users\sartz\Creative Cloud Files\Indaba - Monash\Cards\Indaba - Cards Package\IndebaCards_v2 Folder\Document fonts\Quicksand-Bold.ttf
DataFormat:sfntData
hasSVG:no
VariableFontType:NonVariableFont
FileLength:76964
FileModTime:1572751194
WeightClass:700
WidthClass:5
AngleClass:0
NameArray:0,Win,1,Quicksand
%EndFont

