%!Adobe-FontList 1.22
%Locale:0x409

%BeginFont
Handler:DirectoryHandler
FontType:Invalid
OutlineFileName:/Users/tbar0012/Documents/Research/ourstory-resources/field-materials/story-cards/design/Document fonts/AdobeFnt21.lst
FileLength:562
FileModTime:609427503
%EndFont

%BeginFont
Handler:DirectoryHandler
FontType:Invalid
OutlineFileName:/Users/tbar0012/Documents/Research/ourstory-resources/field-materials/story-cards/design/Document fonts/AdobeFnt22.lst
FileLength:37
FileModTime:613292488
%EndFont

%BeginFont
Handler:DirectoryHandler
FontType:TrueType
FontName:Quicksand-Bold
FamilyName:Quicksand
StyleName:Bold
MenuName:Quicksand
StyleBits:2
WeightClass:700
WidthClass:5
AngleClass:0
FullName:Quicksand Bold
WritingScript:Roman
OutlineFileName:/Users/tbar0012/Documents/Research/ourstory-resources/field-materials/story-cards/design/Document fonts/Quicksand-Bold.ttf
DataFormat:sfntData
hasSVG:no
VariableFontType:NonVariableFont
FileLength:76964
FileModTime:609427503
NameArray:0,Win,1,Quicksand
%EndFont

