%!Adobe-FontList 1.20
%Locale:0x409

%BeginFont
Handler:DirectoryHandler
FontType:TrueType
FontName:Calibri-Bold
FamilyName:Calibri
StyleName:Bold
FullName:Calibri Bold
MenuName:Calibri
StyleBits:2
WritingScript:Roman
OutlineFileName:C:\Users\sartz\Creative Cloud Files\Indaba - Monash\Field Guide\Field Guide Package\Indaba - Field Guide Folder\Document fonts\calibrib.ttf
DataFormat:sfntData
hasSVG:no
VariableFontType:NonVariableFont
FileLength:1562340
FileModTime:1537000112
WeightClass:700
WidthClass:5
AngleClass:0
NameArray:0,Mac,4,Calibri Bold
NameArray:0,Win,1,Calibri
%EndFont

%BeginFont
Handler:DirectoryHandler
FontType:TrueType
FontName:Heebo-Bold
FamilyName:Heebo
StyleName:Bold
FullName:Heebo Bold
MenuName:Heebo
StyleBits:2
FamilyNameNative:Heebo
StyleNameNative:Bold
FullNameNative:Heebo Bold
WritingScript:Hebrew
OutlineFileName:C:\Users\sartz\Creative Cloud Files\Indaba - Monash\Field Guide\Field Guide Package\Indaba - Field Guide Folder\Document fonts\Heebo-Bold.ttf
DataFormat:sfntData
hasSVG:no
VariableFontType:NonVariableFont
FileLength:58944
FileModTime:1572750768
WeightClass:700
WidthClass:5
AngleClass:0
NameArray:0,Win,1,Heebo
%EndFont

%BeginFont
Handler:DirectoryHandler
FontType:TrueType
FontName:Heebo-ExtraBold
FamilyName:Heebo
StyleName:ExtraBold
FullName:Heebo-ExtraBold
MenuName:Heebo ExtraBold
StyleBits:0
FamilyNameNative:Heebo
StyleNameNative:ExtraBold
FullNameNative:Heebo ExtraBold
WritingScript:Hebrew
OutlineFileName:C:\Users\sartz\Creative Cloud Files\Indaba - Monash\Field Guide\Field Guide Package\Indaba - Field Guide Folder\Document fonts\Heebo-ExtraBold.ttf
DataFormat:sfntData
hasSVG:no
VariableFontType:NonVariableFont
FileLength:59304
FileModTime:1572750768
WeightClass:800
WidthClass:5
AngleClass:0
NameArray:0,Win,1,Heebo ExtraBold
NameArray:0,Win,16,Heebo
%EndFont

%BeginFont
Handler:DirectoryHandler
FontType:TrueType
FontName:Heebo-Light
FamilyName:Heebo
StyleName:Light
FullName:Heebo-Light
MenuName:Heebo Light
StyleBits:0
FamilyNameNative:Heebo
StyleNameNative:Light
FullNameNative:Heebo Light
WritingScript:Hebrew
OutlineFileName:C:\Users\sartz\Creative Cloud Files\Indaba - Monash\Field Guide\Field Guide Package\Indaba - Field Guide Folder\Document fonts\Heebo-Light.ttf
DataFormat:sfntData
hasSVG:no
VariableFontType:NonVariableFont
FileLength:59084
FileModTime:1572750768
WeightClass:300
WidthClass:5
AngleClass:0
NameArray:0,Win,1,Heebo Light
NameArray:0,Win,16,Heebo
%EndFont

%BeginFont
Handler:DirectoryHandler
FontType:TrueType
FontName:Heebo-Medium
FamilyName:Heebo
StyleName:Medium
FullName:Heebo-Medium
MenuName:Heebo Medium
StyleBits:0
FamilyNameNative:Heebo
StyleNameNative:Medium
FullNameNative:Heebo Medium
WritingScript:Hebrew
OutlineFileName:C:\Users\sartz\Creative Cloud Files\Indaba - Monash\Field Guide\Field Guide Package\Indaba - Field Guide Folder\Document fonts\Heebo-Medium.ttf
DataFormat:sfntData
hasSVG:no
VariableFontType:NonVariableFont
FileLength:58552
FileModTime:1572750768
WeightClass:500
WidthClass:5
AngleClass:0
NameArray:0,Win,1,Heebo Medium
NameArray:0,Win,16,Heebo
%EndFont

%BeginFont
Handler:DirectoryHandler
FontType:TrueType
FontName:Heebo-Regular
FamilyName:Heebo
StyleName:Regular
FullName:Heebo-Regular
MenuName:Heebo
StyleBits:0
FamilyNameNative:Heebo
StyleNameNative:Regular
FullNameNative:Heebo Regular
WritingScript:Hebrew
OutlineFileName:C:\Users\sartz\Creative Cloud Files\Indaba - Monash\Field Guide\Field Guide Package\Indaba - Field Guide Folder\Document fonts\Heebo-Regular.ttf
DataFormat:sfntData
hasSVG:no
VariableFontType:NonVariableFont
FileLength:59404
FileModTime:1572750768
WeightClass:400
WidthClass:5
AngleClass:0
NameArray:0,Win,1,Heebo
%EndFont

%BeginFont
Handler:DirectoryHandler
FontType:TrueType
FontName:Quicksand-Bold
FamilyName:Quicksand
StyleName:Bold
FullName:Quicksand Bold
MenuName:Quicksand
StyleBits:2
WritingScript:Roman
OutlineFileName:C:\Users\sartz\Creative Cloud Files\Indaba - Monash\Field Guide\Field Guide Package\Indaba - Field Guide Folder\Document fonts\Quicksand-Bold.ttf
DataFormat:sfntData
hasSVG:no
VariableFontType:NonVariableFont
FileLength:76964
FileModTime:1572751194
WeightClass:700
WidthClass:5
AngleClass:0
NameArray:0,Win,1,Quicksand
%EndFont

%BeginFont
Handler:DirectoryHandler
FontType:TrueType
FontName:Quicksand-Medium
FamilyName:Quicksand
StyleName:Medium
FullName:Quicksand Medium
MenuName:Quicksand Medium
StyleBits:0
WritingScript:Roman
OutlineFileName:C:\Users\sartz\Creative Cloud Files\Indaba - Monash\Field Guide\Field Guide Package\Indaba - Field Guide Folder\Document fonts\Quicksand-Medium.ttf
DataFormat:sfntData
hasSVG:no
VariableFontType:NonVariableFont
FileLength:77392
FileModTime:1572751194
WeightClass:500
WidthClass:5
AngleClass:0
NameArray:0,Win,1,Quicksand Medium
NameArray:0,Win,16,Quicksand
%EndFont

%BeginFont
Handler:DirectoryHandler
FontType:TrueType
FontName:Quicksand-Regular
FamilyName:Quicksand
StyleName:Regular
FullName:Quicksand Regular
MenuName:Quicksand
StyleBits:0
WritingScript:Roman
OutlineFileName:C:\Users\sartz\Creative Cloud Files\Indaba - Monash\Field Guide\Field Guide Package\Indaba - Field Guide Folder\Document fonts\Quicksand-Regular.ttf
DataFormat:sfntData
hasSVG:no
VariableFontType:NonVariableFont
FileLength:77348
FileModTime:1572751194
WeightClass:400
WidthClass:5
AngleClass:0
NameArray:0,Win,1,Quicksand
%EndFont

